
> template-service@0.0.1 start:dev
> nest start --watch

[2J[3J[H[[90m6:28:10 p. m.[0m] Starting compilation in watch mode...

[[90m6:28:26 p. m.[0m] Found 0 errors. Watching for file changes.

[18:28:44.969] [32mINFO[39m (17684): [36mStarting Nest application...[39m
    [35mcontext[39m: "NestFactory"
[18:28:44.969] [32mINFO[39m (17684): [36mAppModule dependencies initialized[39m
    [35mcontext[39m: "InstanceLoader"
[18:28:44.969] [32mINFO[39m (17684): [36mAppConfigModule dependencies initialized[39m
    [35mcontext[39m: "InstanceLoader"
[18:28:44.969] [32mINFO[39m (17684): [36mTypeOrmModule dependencies initialized[39m
    [35mcontext[39m: "InstanceLoader"
[18:28:44.969] [32mINFO[39m (17684): [36mConfigHostModule dependencies initialized[39m
    [35mcontext[39m: "InstanceLoader"
[18:28:44.969] [32mINFO[39m (17684): [36mDiscoveryModule dependencies initialized[39m
    [35mcontext[39m: "InstanceLoader"
[18:28:44.969] [32mINFO[39m (17684): [36mConfigModule dependencies initialized[39m
    [35mcontext[39m: "InstanceLoader"
[18:28:44.969] [32mINFO[39m (17684): [36mTerminusModule dependencies initialized[39m
    [35mcontext[39m: "InstanceLoader"
[18:28:44.969] [32mINFO[39m (17684): [36mTrying to connect to RabbitMQ broker (default)[39m
    [35mcontext[39m: "AmqpConnection"
[18:28:44.970] [32mINFO[39m (17684): [36mLoggerModule dependencies initialized[39m
    [35mcontext[39m: "InstanceLoader"
[18:28:44.970] [32mINFO[39m (17684): [36mCommonModule dependencies initialized[39m
    [35mcontext[39m: "InstanceLoader"
[18:28:44.970] [32mINFO[39m (17684): [36mSuccessfully connected to RabbitMQ broker (default)[39m
    [35mcontext[39m: "AmqpConnection"
[18:28:44.970] [32mINFO[39m (17684): [36mSuccessfully connected to RabbitMQ[39m
    [35mcontext[39m: "RabbitMQModule"
[18:28:44.970] [32mINFO[39m (17684): [36mSuccessfully connected a RabbitMQ channel "AmqpConnection"[39m
    [35mcontext[39m: "AmqpConnection"
[18:28:44.970] [32mINFO[39m (17684): [36mRabbitMQModule dependencies initialized[39m
    [35mcontext[39m: "InstanceLoader"
[18:28:44.970] [32mINFO[39m (17684): [36mTypeOrmCoreModule dependencies initialized[39m
    [35mcontext[39m: "InstanceLoader"
[18:28:44.970] [32mINFO[39m (17684): [36mTypeOrmModule dependencies initialized[39m
    [35mcontext[39m: "InstanceLoader"
[18:28:44.970] [32mINFO[39m (17684): [36mTypeOrmModule dependencies initialized[39m
    [35mcontext[39m: "InstanceLoader"
[18:28:44.970] [32mINFO[39m (17684): [36mAppRabbitMQModule dependencies initialized[39m
    [35mcontext[39m: "InstanceLoader"
[18:28:44.970] [32mINFO[39m (17684): [36mHealthModule dependencies initialized[39m
    [35mcontext[39m: "InstanceLoader"
[18:28:44.970] [32mINFO[39m (17684): [36mMetricsModule dependencies initialized[39m
    [35mcontext[39m: "InstanceLoader"
[18:28:44.970] [32mINFO[39m (17684): [36mRenderingModule dependencies initialized[39m
    [35mcontext[39m: "InstanceLoader"
[18:28:44.970] [32mINFO[39m (17684): [36mTemplatesModule dependencies initialized[39m
    [35mcontext[39m: "InstanceLoader"
[18:28:44.970] [33mWARN[39m (17684): [36mUnsupported route path: "/api/v1/*". In previous versions, the symbols ?, *, and + were used to denote optional or repeating path parameters. The latest version of "path-to-regexp" now requires the use of named parameters. For example, instead of using a route like /users/* to capture all routes starting with "/users", you should use /users/*path. For more details, refer to the migration guide. Attempting to auto-convert...[39m
    [35mcontext[39m: "LegacyRouteConverter"
[18:28:44.970] [33mWARN[39m (17684): [36mUnsupported route path: "/api/v1/*". In previous versions, the symbols ?, *, and + were used to denote optional or repeating path parameters. The latest version of "path-to-regexp" now requires the use of named parameters. For example, instead of using a route like /users/* to capture all routes starting with "/users", you should use /users/*path. For more details, refer to the migration guide. Attempting to auto-convert...[39m
    [35mcontext[39m: "LegacyRouteConverter"
[18:28:44.970] [32mINFO[39m (17684): [36mMetricsController {/api/v1/metrics}:[39m
    [35mcontext[39m: "RoutesResolver"
[18:28:44.970] [32mINFO[39m (17684): [36mMapped {/metrics, GET} route[39m
    [35mcontext[39m: "RouterExplorer"
[18:28:44.970] [32mINFO[39m (17684): [36mHealthController {/api/v1/health}:[39m
    [35mcontext[39m: "RoutesResolver"
[18:28:44.970] [32mINFO[39m (17684): [36mMapped {/health, GET} route[39m
    [35mcontext[39m: "RouterExplorer"
[18:28:44.970] [32mINFO[39m (17684): [36mRenderingController {/api/v1/templates}:[39m
    [35mcontext[39m: "RoutesResolver"
[18:28:44.970] [32mINFO[39m (17684): [36mMapped {/api/v1/templates/:id/render, POST} route[39m
    [35mcontext[39m: "RouterExplorer"
[18:28:44.970] [32mINFO[39m (17684): [36mMapped {/api/v1/templates/:id/preview, POST} route[39m
    [35mcontext[39m: "RouterExplorer"
[18:28:44.970] [32mINFO[39m (17684): [36mTemplatesController {/api/v1/templates}:[39m
    [35mcontext[39m: "RoutesResolver"
[18:28:44.970] [32mINFO[39m (17684): [36mMapped {/api/v1/templates, POST} route[39m
    [35mcontext[39m: "RouterExplorer"
[18:28:44.970] [32mINFO[39m (17684): [36mMapped {/api/v1/templates, GET} route[39m
    [35mcontext[39m: "RouterExplorer"
[18:28:44.970] [32mINFO[39m (17684): [36mMapped {/api/v1/templates/:id, GET} route[39m
    [35mcontext[39m: "RouterExplorer"
[18:28:44.970] [32mINFO[39m (17684): [36mMapped {/api/v1/templates/:id, PUT} route[39m
    [35mcontext[39m: "RouterExplorer"
[18:28:44.970] [32mINFO[39m (17684): [36mMapped {/api/v1/templates/:id, DELETE} route[39m
    [35mcontext[39m: "RouterExplorer"
[18:28:44.970] [32mINFO[39m (17684): [36mMapped {/api/v1/templates/:id/rollback, POST} route[39m
    [35mcontext[39m: "RouterExplorer"
[18:28:44.970] [32mINFO[39m (17684): [36mInitializing RabbitMQ Handlers[39m
    [35mcontext[39m: "RabbitMQModule"
[18:28:44.970] [32mINFO[39m (17684): [36mTemplate cache warmed up: 2 entries pre-compiled[39m
    [35mcontext[39m: "RenderingService"
[18:28:44.970] [32mINFO[39m (17684): [36mNest application successfully started[39m
    [35mcontext[39m: "NestApplication"
[18:29:11.104] [32mINFO[39m (17684): [36mHEAD /health 200 163ms[39m
    [35mreq[39m: {
      "id": 1,
      "method": "HEAD",
      "url": "/health",
      "query": {},
      "params": {},
      "headers": {
        "host": "localhost:3153",
        "connection": "close",
        "accept": "*/*",
        "accept-language": "*",
        "sec-fetch-mode": "cors",
        "user-agent": "node",
        "accept-encoding": "gzip, deflate"
      },
      "remoteAddress": "::ffff:127.0.0.1",
      "remotePort": 56615
    }
    [35mcontext[39m: "HTTP"
    [35mmethod[39m: "HEAD"
    [35murl[39m: "/health"
    [35mstatusCode[39m: 200
    [35mdurationMs[39m: 163
[18:29:11.107] [32mINFO[39m (17684): [36mrequest completed[39m
    [35mreq[39m: {
      "id": 1,
      "method": "HEAD",
      "url": "/health",
      "query": {},
      "params": {},
      "headers": {
        "host": "localhost:3153",
        "connection": "close",
        "accept": "*/*",
        "accept-language": "*",
        "sec-fetch-mode": "cors",
        "user-agent": "node",
        "accept-encoding": "gzip, deflate"
      },
      "remoteAddress": "::ffff:127.0.0.1",
      "remotePort": 56615
    }
    [35mres[39m: {
      "statusCode": 200,
      "headers": {
        "x-powered-by": "Express",
        "access-control-allow-origin": "*",
        "content-type": "application/json; charset=utf-8",
        "content-length": "223",
        "etag": "W/\"df-LQKGtKHSP58WcaA3117Gpa7Y954\""
      }
    }
    [35mresponseTime[39m: 168
[18:29:11.248] [32mINFO[39m (17684): [36mGET /health 200 8ms[39m
    [35mreq[39m: {
      "id": 2,
      "method": "GET",
      "url": "/health",
      "query": {},
      "params": {},
      "headers": {
        "host": "localhost:3153",
        "user-agent": "curl/8.8.0",
        "accept": "*/*"
      },
      "remoteAddress": "::1",
      "remotePort": 56619
    }
    [35mcontext[39m: "HTTP"
    [35mmethod[39m: "GET"
    [35murl[39m: "/health"
    [35mstatusCode[39m: 200
    [35mdurationMs[39m: 8
[18:29:11.250] [32mINFO[39m (17684): [36mrequest completed[39m
    [35mreq[39m: {
      "id": 2,
      "method": "GET",
      "url": "/health",
      "query": {},
      "params": {},
      "headers": {
        "host": "localhost:3153",
        "user-agent": "curl/8.8.0",
        "accept": "*/*"
      },
      "remoteAddress": "::1",
      "remotePort": 56619
    }
    [35mres[39m: {
      "statusCode": 200,
      "headers": {
        "x-powered-by": "Express",
        "access-control-allow-origin": "*",
        "content-type": "application/json; charset=utf-8",
        "content-length": "220",
        "etag": "W/\"dc-TMzkG9aF/F29blzfXXmVUeGyRGI\""
      }
    }
    [35mresponseTime[39m: 10
[18:30:22.366] [34mDEBUG[39m (17684): [36mPublished audit event: template.render.completed[39m
    [35mreq[39m: {
      "id": 3,
      "method": "POST",
      "url": "/api/v1/templates/fff60f43-59a9-4c75-80f2-ed7214e023be/render",
      "query": {},
      "params": {
        "path": [
          "templates",
          "fff60f43-59a9-4c75-80f2-ed7214e023be",
          "render"
        ]
      },
      "headers": {
        "accept": "application/json, text/plain, */*",
        "content-type": "application/json",
        "user-agent": "axios/1.13.5",
        "content-length": "1011",
        "accept-encoding": "gzip, compress, deflate, br",
        "host": "localhost:3153",
        "connection": "keep-alive"
      },
      "remoteAddress": "::ffff:127.0.0.1",
      "remotePort": 56235
    }
    [35mcontext[39m: "AuditPublisherService"
[18:30:22.366] [32mINFO[39m (17684): [36mPOST /api/v1/templates/fff60f43-59a9-4c75-80f2-ed7214e023be/render 201 154ms[39m
    [35mreq[39m: {
      "id": 3,
      "method": "POST",
      "url": "/api/v1/templates/fff60f43-59a9-4c75-80f2-ed7214e023be/render",
      "query": {},
      "params": {
        "path": [
          "templates",
          "fff60f43-59a9-4c75-80f2-ed7214e023be",
          "render"
        ]
      },
      "headers": {
        "accept": "application/json, text/plain, */*",
        "content-type": "application/json",
        "user-agent": "axios/1.13.5",
        "content-length": "1011",
        "accept-encoding": "gzip, compress, deflate, br",
        "host": "localhost:3153",
        "connection": "keep-alive"
      },
      "remoteAddress": "::ffff:127.0.0.1",
      "remotePort": 56235
    }
    [35mcontext[39m: "HTTP"
    [35mmethod[39m: "POST"
    [35murl[39m: "/api/v1/templates/fff60f43-59a9-4c75-80f2-ed7214e023be/render"
    [35mstatusCode[39m: 201
    [35mdurationMs[39m: 154
[18:30:22.367] [32mINFO[39m (17684): [36mrequest completed[39m
    [35mreq[39m: {
      "id": 3,
      "method": "POST",
      "url": "/api/v1/templates/fff60f43-59a9-4c75-80f2-ed7214e023be/render",
      "query": {},
      "params": {
        "path": [
          "templates",
          "fff60f43-59a9-4c75-80f2-ed7214e023be",
          "render"
        ]
      },
      "headers": {
        "accept": "application/json, text/plain, */*",
        "content-type": "application/json",
        "user-agent": "axios/1.13.5",
        "content-length": "1011",
        "accept-encoding": "gzip, compress, deflate, br",
        "host": "localhost:3153",
        "connection": "keep-alive"
      },
      "remoteAddress": "::ffff:127.0.0.1",
      "remotePort": 56235
    }
    [35mres[39m: {
      "statusCode": 201,
      "headers": {
        "x-powered-by": "Express",
        "access-control-allow-origin": "*",
        "content-type": "application/json; charset=utf-8",
        "content-length": "3726",
        "etag": "W/\"e8e-ikmSdc813V65BHmF/QqViE1PKsc\""
      }
    }
    [35mresponseTime[39m: 155
[18:30:22.379] [34mDEBUG[39m (17684): [36mPublished audit event: template.render.completed[39m
    [35mreq[39m: {
      "id": 4,
      "method": "POST",
      "url": "/api/v1/templates/fff60f43-59a9-4c75-80f2-ed7214e023be/render",
      "query": {},
      "params": {
        "path": [
          "templates",
          "fff60f43-59a9-4c75-80f2-ed7214e023be",
          "render"
        ]
      },
      "headers": {
        "accept": "application/json, text/plain, */*",
        "content-type": "application/json",
        "user-agent": "axios/1.13.5",
        "content-length": "1014",
        "accept-encoding": "gzip, compress, deflate, br",
        "host": "localhost:3153",
        "connection": "keep-alive"
      },
      "remoteAddress": "::ffff:127.0.0.1",
      "remotePort": 56237
    }
    [35mcontext[39m: "AuditPublisherService"
[18:30:22.379] [32mINFO[39m (17684): [36mPOST /api/v1/templates/fff60f43-59a9-4c75-80f2-ed7214e023be/render 201 154ms[39m
    [35mreq[39m: {
      "id": 4,
      "method": "POST",
      "url": "/api/v1/templates/fff60f43-59a9-4c75-80f2-ed7214e023be/render",
      "query": {},
      "params": {
        "path": [
          "templates",
          "fff60f43-59a9-4c75-80f2-ed7214e023be",
          "render"
        ]
      },
      "headers": {
        "accept": "application/json, text/plain, */*",
        "content-type": "application/json",
        "user-agent": "axios/1.13.5",
        "content-length": "1014",
        "accept-encoding": "gzip, compress, deflate, br",
        "host": "localhost:3153",
        "connection": "keep-alive"
      },
      "remoteAddress": "::ffff:127.0.0.1",
      "remotePort": 56237
    }
    [35mcontext[39m: "HTTP"
    [35mmethod[39m: "POST"
    [35murl[39m: "/api/v1/templates/fff60f43-59a9-4c75-80f2-ed7214e023be/render"
    [35mstatusCode[39m: 201
    [35mdurationMs[39m: 154
[18:30:22.380] [32mINFO[39m (17684): [36mrequest completed[39m
    [35mreq[39m: {
      "id": 4,
      "method": "POST",
      "url": "/api/v1/templates/fff60f43-59a9-4c75-80f2-ed7214e023be/render",
      "query": {},
      "params": {
        "path": [
          "templates",
          "fff60f43-59a9-4c75-80f2-ed7214e023be",
          "render"
        ]
      },
      "headers": {
        "accept": "application/json, text/plain, */*",
        "content-type": "application/json",
        "user-agent": "axios/1.13.5",
        "content-length": "1014",
        "accept-encoding": "gzip, compress, deflate, br",
        "host": "localhost:3153",
        "connection": "keep-alive"
      },
      "remoteAddress": "::ffff:127.0.0.1",
      "remotePort": 56237
    }
    [35mres[39m: {
      "statusCode": 201,
      "headers": {
        "x-powered-by": "Express",
        "access-control-allow-origin": "*",
        "content-type": "application/json; charset=utf-8",
        "content-length": "314",
        "etag": "W/\"13a-PSDsIg4oB1+TzEJ7elDIq6i5dXE\""
      }
    }
    [35mresponseTime[39m: 156
[18:38:43.684] [34mDEBUG[39m (17684): [36mPublished audit event: template.render.completed[39m
    [35mreq[39m: {
      "id": 5,
      "method": "POST",
      "url": "/api/v1/templates/fff60f43-59a9-4c75-80f2-ed7214e023be/render",
      "query": {},
      "params": {
        "path": [
          "templates",
          "fff60f43-59a9-4c75-80f2-ed7214e023be",
          "render"
        ]
      },
      "headers": {
        "accept": "application/json, text/plain, */*",
        "content-type": "application/json",
        "user-agent": "axios/1.13.5",
        "content-length": "1011",
        "accept-encoding": "gzip, compress, deflate, br",
        "host": "localhost:3153",
        "connection": "keep-alive"
      },
      "remoteAddress": "::ffff:127.0.0.1",
      "remotePort": 58829
    }
    [35mcontext[39m: "AuditPublisherService"
[18:38:43.684] [32mINFO[39m (17684): [36mPOST /api/v1/templates/fff60f43-59a9-4c75-80f2-ed7214e023be/render 201 119ms[39m
    [35mreq[39m: {
      "id": 5,
      "method": "POST",
      "url": "/api/v1/templates/fff60f43-59a9-4c75-80f2-ed7214e023be/render",
      "query": {},
      "params": {
        "path": [
          "templates",
          "fff60f43-59a9-4c75-80f2-ed7214e023be",
          "render"
        ]
      },
      "headers": {
        "accept": "application/json, text/plain, */*",
        "content-type": "application/json",
        "user-agent": "axios/1.13.5",
        "content-length": "1011",
        "accept-encoding": "gzip, compress, deflate, br",
        "host": "localhost:3153",
        "connection": "keep-alive"
      },
      "remoteAddress": "::ffff:127.0.0.1",
      "remotePort": 58829
    }
    [35mcontext[39m: "HTTP"
    [35mmethod[39m: "POST"
    [35murl[39m: "/api/v1/templates/fff60f43-59a9-4c75-80f2-ed7214e023be/render"
    [35mstatusCode[39m: 201
    [35mdurationMs[39m: 119
[18:38:43.685] [32mINFO[39m (17684): [36mrequest completed[39m
    [35mreq[39m: {
      "id": 5,
      "method": "POST",
      "url": "/api/v1/templates/fff60f43-59a9-4c75-80f2-ed7214e023be/render",
      "query": {},
      "params": {
        "path": [
          "templates",
          "fff60f43-59a9-4c75-80f2-ed7214e023be",
          "render"
        ]
      },
      "headers": {
        "accept": "application/json, text/plain, */*",
        "content-type": "application/json",
        "user-agent": "axios/1.13.5",
        "content-length": "1011",
        "accept-encoding": "gzip, compress, deflate, br",
        "host": "localhost:3153",
        "connection": "keep-alive"
      },
      "remoteAddress": "::ffff:127.0.0.1",
      "remotePort": 58829
    }
    [35mres[39m: {
      "statusCode": 201,
      "headers": {
        "x-powered-by": "Express",
        "access-control-allow-origin": "*",
        "content-type": "application/json; charset=utf-8",
        "content-length": "3726",
        "etag": "W/\"e8e-tP1m3s3q/0lSYXVFz7ti3FTs6ms\""
      }
    }
    [35mresponseTime[39m: 120
[18:38:43.809] [34mDEBUG[39m (17684): [36mPublished audit event: template.render.completed[39m
    [35mreq[39m: {
      "id": 6,
      "method": "POST",
      "url": "/api/v1/templates/fff60f43-59a9-4c75-80f2-ed7214e023be/render",
      "query": {},
      "params": {
        "path": [
          "templates",
          "fff60f43-59a9-4c75-80f2-ed7214e023be",
          "render"
        ]
      },
      "headers": {
        "accept": "application/json, text/plain, */*",
        "content-type": "application/json",
        "user-agent": "axios/1.13.5",
        "content-length": "1014",
        "accept-encoding": "gzip, compress, deflate, br",
        "host": "localhost:3153",
        "connection": "keep-alive"
      },
      "remoteAddress": "::ffff:127.0.0.1",
      "remotePort": 58831
    }
    [35mcontext[39m: "AuditPublisherService"
[18:38:43.810] [32mINFO[39m (17684): [36mPOST /api/v1/templates/fff60f43-59a9-4c75-80f2-ed7214e023be/render 201 127ms[39m
    [35mreq[39m: {
      "id": 6,
      "method": "POST",
      "url": "/api/v1/templates/fff60f43-59a9-4c75-80f2-ed7214e023be/render",
      "query": {},
      "params": {
        "path": [
          "templates",
          "fff60f43-59a9-4c75-80f2-ed7214e023be",
          "render"
        ]
      },
      "headers": {
        "accept": "application/json, text/plain, */*",
        "content-type": "application/json",
        "user-agent": "axios/1.13.5",
        "content-length": "1014",
        "accept-encoding": "gzip, compress, deflate, br",
        "host": "localhost:3153",
        "connection": "keep-alive"
      },
      "remoteAddress": "::ffff:127.0.0.1",
      "remotePort": 58831
    }
    [35mcontext[39m: "HTTP"
    [35mmethod[39m: "POST"
    [35murl[39m: "/api/v1/templates/fff60f43-59a9-4c75-80f2-ed7214e023be/render"
    [35mstatusCode[39m: 201
    [35mdurationMs[39m: 127
[18:38:43.810] [32mINFO[39m (17684): [36mrequest completed[39m
    [35mreq[39m: {
      "id": 6,
      "method": "POST",
      "url": "/api/v1/templates/fff60f43-59a9-4c75-80f2-ed7214e023be/render",
      "query": {},
      "params": {
        "path": [
          "templates",
          "fff60f43-59a9-4c75-80f2-ed7214e023be",
          "render"
        ]
      },
      "headers": {
        "accept": "application/json, text/plain, */*",
        "content-type": "application/json",
        "user-agent": "axios/1.13.5",
        "content-length": "1014",
        "accept-encoding": "gzip, compress, deflate, br",
        "host": "localhost:3153",
        "connection": "keep-alive"
      },
      "remoteAddress": "::ffff:127.0.0.1",
      "remotePort": 58831
    }
    [35mres[39m: {
      "statusCode": 201,
      "headers": {
        "x-powered-by": "Express",
        "access-control-allow-origin": "*",
        "content-type": "application/json; charset=utf-8",
        "content-length": "314",
        "etag": "W/\"13a-pHwb3K8xvIi6mJeVji/ISRRT914\""
      }
    }
    [35mresponseTime[39m: 127
[19:33:51.497] [34mDEBUG[39m (17684): [36mPublished audit event: template.render.completed[39m
    [35mreq[39m: {
      "id": 7,
      "method": "POST",
      "url": "/api/v1/templates/fff60f43-59a9-4c75-80f2-ed7214e023be/render",
      "query": {},
      "params": {
        "path": [
          "templates",
          "fff60f43-59a9-4c75-80f2-ed7214e023be",
          "render"
        ]
      },
      "headers": {
        "accept": "application/json, text/plain, */*",
        "content-type": "application/json",
        "user-agent": "axios/1.13.5",
        "content-length": "1014",
        "accept-encoding": "gzip, compress, deflate, br",
        "host": "localhost:3153",
        "connection": "keep-alive"
      },
      "remoteAddress": "::ffff:127.0.0.1",
      "remotePort": 61193
    }
    [35mcontext[39m: "AuditPublisherService"
[19:33:51.497] [32mINFO[39m (17684): [36mPOST /api/v1/templates/fff60f43-59a9-4c75-80f2-ed7214e023be/render 201 142ms[39m
    [35mreq[39m: {
      "id": 7,
      "method": "POST",
      "url": "/api/v1/templates/fff60f43-59a9-4c75-80f2-ed7214e023be/render",
      "query": {},
      "params": {
        "path": [
          "templates",
          "fff60f43-59a9-4c75-80f2-ed7214e023be",
          "render"
        ]
      },
      "headers": {
        "accept": "application/json, text/plain, */*",
        "content-type": "application/json",
        "user-agent": "axios/1.13.5",
        "content-length": "1014",
        "accept-encoding": "gzip, compress, deflate, br",
        "host": "localhost:3153",
        "connection": "keep-alive"
      },
      "remoteAddress": "::ffff:127.0.0.1",
      "remotePort": 61193
    }
    [35mcontext[39m: "HTTP"
    [35mmethod[39m: "POST"
    [35murl[39m: "/api/v1/templates/fff60f43-59a9-4c75-80f2-ed7214e023be/render"
    [35mstatusCode[39m: 201
    [35mdurationMs[39m: 142
[19:33:51.498] [32mINFO[39m (17684): [36mrequest completed[39m
    [35mreq[39m: {
      "id": 7,
      "method": "POST",
      "url": "/api/v1/templates/fff60f43-59a9-4c75-80f2-ed7214e023be/render",
      "query": {},
      "params": {
        "path": [
          "templates",
          "fff60f43-59a9-4c75-80f2-ed7214e023be",
          "render"
        ]
      },
      "headers": {
        "accept": "application/json, text/plain, */*",
        "content-type": "application/json",
        "user-agent": "axios/1.13.5",
        "content-length": "1014",
        "accept-encoding": "gzip, compress, deflate, br",
        "host": "localhost:3153",
        "connection": "keep-alive"
      },
      "remoteAddress": "::ffff:127.0.0.1",
      "remotePort": 61193
    }
    [35mres[39m: {
      "statusCode": 201,
      "headers": {
        "x-powered-by": "Express",
        "access-control-allow-origin": "*",
        "content-type": "application/json; charset=utf-8",
        "content-length": "3726",
        "etag": "W/\"e8e-PYfUo/gbiULQcD2AKq5VfZxA6co\""
      }
    }
    [35mresponseTime[39m: 144
[19:33:51.577] [34mDEBUG[39m (17684): [36mPublished audit event: template.render.completed[39m
    [35mreq[39m: {
      "id": 8,
      "method": "POST",
      "url": "/api/v1/templates/fff60f43-59a9-4c75-80f2-ed7214e023be/render",
      "query": {},
      "params": {
        "path": [
          "templates",
          "fff60f43-59a9-4c75-80f2-ed7214e023be",
          "render"
        ]
      },
      "headers": {
        "accept": "application/json, text/plain, */*",
        "content-type": "application/json",
        "user-agent": "axios/1.13.5",
        "content-length": "1017",
        "accept-encoding": "gzip, compress, deflate, br",
        "host": "localhost:3153",
        "connection": "keep-alive"
      },
      "remoteAddress": "::ffff:127.0.0.1",
      "remotePort": 61195
    }
    [35mcontext[39m: "AuditPublisherService"
[19:33:51.578] [32mINFO[39m (17684): [36mPOST /api/v1/templates/fff60f43-59a9-4c75-80f2-ed7214e023be/render 201 99ms[39m
    [35mreq[39m: {
      "id": 8,
      "method": "POST",
      "url": "/api/v1/templates/fff60f43-59a9-4c75-80f2-ed7214e023be/render",
      "query": {},
      "params": {
        "path": [
          "templates",
          "fff60f43-59a9-4c75-80f2-ed7214e023be",
          "render"
        ]
      },
      "headers": {
        "accept": "application/json, text/plain, */*",
        "content-type": "application/json",
        "user-agent": "axios/1.13.5",
        "content-length": "1017",
        "accept-encoding": "gzip, compress, deflate, br",
        "host": "localhost:3153",
        "connection": "keep-alive"
      },
      "remoteAddress": "::ffff:127.0.0.1",
      "remotePort": 61195
    }
    [35mcontext[39m: "HTTP"
    [35mmethod[39m: "POST"
    [35murl[39m: "/api/v1/templates/fff60f43-59a9-4c75-80f2-ed7214e023be/render"
    [35mstatusCode[39m: 201
    [35mdurationMs[39m: 99
[19:33:51.578] [32mINFO[39m (17684): [36mrequest completed[39m
    [35mreq[39m: {
      "id": 8,
      "method": "POST",
      "url": "/api/v1/templates/fff60f43-59a9-4c75-80f2-ed7214e023be/render",
      "query": {},
      "params": {
        "path": [
          "templates",
          "fff60f43-59a9-4c75-80f2-ed7214e023be",
          "render"
        ]
      },
      "headers": {
        "accept": "application/json, text/plain, */*",
        "content-type": "application/json",
        "user-agent": "axios/1.13.5",
        "content-length": "1017",
        "accept-encoding": "gzip, compress, deflate, br",
        "host": "localhost:3153",
        "connection": "keep-alive"
      },
      "remoteAddress": "::ffff:127.0.0.1",
      "remotePort": 61195
    }
    [35mres[39m: {
      "statusCode": 201,
      "headers": {
        "x-powered-by": "Express",
        "access-control-allow-origin": "*",
        "content-type": "application/json; charset=utf-8",
        "content-length": "312",
        "etag": "W/\"138-FTCHT2Sxw9VR4H1MiS4FoFzmB6Q\""
      }
    }
    [35mresponseTime[39m: 99
